<?xml version="1.0" encoding="UTF-8"?>
<testsuites name="TestSuitePositifScenario" time="11.288" tests="5" failures="1" skips="0" errors="1">
   <testsuite name="TestSuitePositifScenario" tests="5" failures="1" errors="1" time="11.288" skips="0" timestamp="2021-04-25 00:16:32" hostname="Cindy S - 192.168.56.1" id="Test Suites/TestSuitePositifScenario">
      <properties>
         <property name="deviceName" value=""/>
         <property name="devicePlatform" value=""/>
         <property name="logFolder" value="C:\\Users\\Cindy S\\git\\testing-api-mobile\\Reports\\20210425_001624\\TestSuitePositifScenario\\20210425_001624"/>
         <property name="logFiles" value="C:\\Users\\Cindy S\\git\\testing-api-mobile\\Reports\\20210425_001624\\TestSuitePositifScenario\\20210425_001624\\execution0.log"/>
         <property name="attachments" value=""/>
         <property name="hostName" value="Cindy S - 192.168.56.1"/>
         <property name="hostAddress" value="192.168.56.1"/>
         <property name="os" value="Windows 10 64bit"/>
         <property name="katalonVersion" value="7.9.1.208"/>
      </properties>
      <testcase name="Test Cases/TC01_CreateANewUser" time="3.007" classname="Test Cases/TC01_CreateANewUser" status="ERROR">
         <error type="ERROR" message="Test Cases/TC01_CreateANewUser FAILED.
Reason:
groovy.lang.MissingPropertyException: No such property: response for class: Script1619281466933
	at TC01_CreateANewUser.run(TC01_CreateANewUser:22)
	at com.kms.katalon.core.main.ScriptEngine.run(ScriptEngine.java:194)
	at com.kms.katalon.core.main.ScriptEngine.runScriptAsRawText(ScriptEngine.java:119)
	at com.kms.katalon.core.main.TestCaseExecutor.runScript(TestCaseExecutor.java:398)
	at com.kms.katalon.core.main.TestCaseExecutor.doExecute(TestCaseExecutor.java:389)
	at com.kms.katalon.core.main.TestCaseExecutor.processExecutionPhase(TestCaseExecutor.java:368)
	at com.kms.katalon.core.main.TestCaseExecutor.accessMainPhase(TestCaseExecutor.java:360)
	at com.kms.katalon.core.main.TestCaseExecutor.execute(TestCaseExecutor.java:255)
	at com.kms.katalon.core.main.TestSuiteExecutor.accessTestCaseMainPhase(TestSuiteExecutor.java:203)
	at com.kms.katalon.core.main.TestSuiteExecutor.accessTestSuiteMainPhase(TestSuiteExecutor.java:152)
	at com.kms.katalon.core.main.TestSuiteExecutor.execute(TestSuiteExecutor.java:95)
	at com.kms.katalon.core.main.TestCaseMain.startTestSuite(TestCaseMain.java:157)
	at com.kms.katalon.core.main.TestCaseMain$startTestSuite$0.call(Unknown Source)
	at TempTestSuite1619284584889.run(TempTestSuite1619284584889.groovy:39)
"/>
         <system-out><![CDATA[2021-04-25 00:16:34 - [TEST_CASE][ERROR] - Test Cases/TC01_CreateANewUser: Test Cases/TC01_CreateANewUser FAILED.
Reason:
groovy.lang.MissingPropertyException: No such property: response for class: Script1619281466933
	at TC01_CreateANewUser.run(TC01_CreateANewUser:22)
	at com.kms.katalon.core.main.ScriptEngine.run(ScriptEngine.java:194)
	at com.kms.katalon.core.main.ScriptEngine.runScriptAsRawText(ScriptEngine.java:119)
	at com.kms.katalon.core.main.TestCaseExecutor.runScript(TestCaseExecutor.java:398)
	at com.kms.katalon.core.main.TestCaseExecutor.doExecute(TestCaseExecutor.java:389)
	at com.kms.katalon.core.main.TestCaseExecutor.processExecutionPhase(TestCaseExecutor.java:368)
	at com.kms.katalon.core.main.TestCaseExecutor.accessMainPhase(TestCaseExecutor.java:360)
	at com.kms.katalon.core.main.TestCaseExecutor.execute(TestCaseExecutor.java:255)
	at com.kms.katalon.core.main.TestSuiteExecutor.accessTestCaseMainPhase(TestSuiteExecutor.java:203)
	at com.kms.katalon.core.main.TestSuiteExecutor.accessTestSuiteMainPhase(TestSuiteExecutor.java:152)
	at com.kms.katalon.core.main.TestSuiteExecutor.execute(TestSuiteExecutor.java:95)
	at com.kms.katalon.core.main.TestCaseMain.startTestSuite(TestCaseMain.java:157)
	at com.kms.katalon.core.main.TestCaseMain$startTestSuite$0.call(Unknown Source)
	at TempTestSuite1619284584889.run(TempTestSuite1619284584889.groovy:39)


2021-04-25 00:16:35 - [TEST_STEP][PASSED] - sendRequest(findTestObject("CreateANewUser")): Send request successfully

2021-04-25 00:16:37 - [MESSAGE][INFO] - HAR: C:\Users\Cindy S\git\testing-api-mobile\Reports\20210425_001624\TestSuitePositifScenario\20210425_001624\requests\main\0.har

2021-04-25 00:16:37 - [MESSAGE][PASSED] - Send request successfully

2021-04-25 00:16:37 - [TEST_STEP][PASSED] - verifyResponseStatusCode(response, 201): null]]></system-out>
         <system-err><![CDATA[2021-04-25 00:16:34 - [TEST_CASE][ERROR] - Test Cases/TC01_CreateANewUser: Test Cases/TC01_CreateANewUser FAILED.
Reason:
groovy.lang.MissingPropertyException: No such property: response for class: Script1619281466933
	at TC01_CreateANewUser.run(TC01_CreateANewUser:22)
	at com.kms.katalon.core.main.ScriptEngine.run(ScriptEngine.java:194)
	at com.kms.katalon.core.main.ScriptEngine.runScriptAsRawText(ScriptEngine.java:119)
	at com.kms.katalon.core.main.TestCaseExecutor.runScript(TestCaseExecutor.java:398)
	at com.kms.katalon.core.main.TestCaseExecutor.doExecute(TestCaseExecutor.java:389)
	at com.kms.katalon.core.main.TestCaseExecutor.processExecutionPhase(TestCaseExecutor.java:368)
	at com.kms.katalon.core.main.TestCaseExecutor.accessMainPhase(TestCaseExecutor.java:360)
	at com.kms.katalon.core.main.TestCaseExecutor.execute(TestCaseExecutor.java:255)
	at com.kms.katalon.core.main.TestSuiteExecutor.accessTestCaseMainPhase(TestSuiteExecutor.java:203)
	at com.kms.katalon.core.main.TestSuiteExecutor.accessTestSuiteMainPhase(TestSuiteExecutor.java:152)
	at com.kms.katalon.core.main.TestSuiteExecutor.execute(TestSuiteExecutor.java:95)
	at com.kms.katalon.core.main.TestCaseMain.startTestSuite(TestCaseMain.java:157)
	at com.kms.katalon.core.main.TestCaseMain$startTestSuite$0.call(Unknown Source)
	at TempTestSuite1619284584889.run(TempTestSuite1619284584889.groovy:39)]]></system-err>
      </testcase>
      <testcase name="Test Cases/TC05_DeleteUser" time="1.489" classname="Test Cases/TC05_DeleteUser" status="PASSED">
         <system-out><![CDATA[2021-04-25 00:16:37 - [TEST_CASE][PASSED] - Test Cases/TC05_DeleteUser: Test Cases/TC05_DeleteUser

2021-04-25 00:16:37 - [TEST_STEP][PASSED] - response = sendRequest(findTestObject("DeleteUser")): Send request successfully

2021-04-25 00:16:38 - [MESSAGE][INFO] - HAR: C:\Users\Cindy S\git\testing-api-mobile\Reports\20210425_001624\TestSuitePositifScenario\20210425_001624\requests\main\1.har

2021-04-25 00:16:38 - [MESSAGE][PASSED] - Send request successfully

2021-04-25 00:16:38 - [TEST_STEP][PASSED] - verifyResponseStatusCode(response, 204): Verify response status code successfully

2021-04-25 00:16:38 - [MESSAGE][PASSED] - Verify response status code successfully]]></system-out>
         <system-err><![CDATA[]]></system-err>
      </testcase>
      <testcase name="Test Cases/TC06_GetAllUserPaged" time="1.36" classname="Test Cases/TC06_GetAllUserPaged" status="PASSED">
         <system-out><![CDATA[2021-04-25 00:16:38 - [TEST_CASE][PASSED] - Test Cases/TC06_GetAllUserPaged: Test Cases/TC06_GetAllUserPaged

2021-04-25 00:16:39 - [TEST_STEP][PASSED] - response = sendRequest(findTestObject("GetAllUserPaged")): Send request successfully

2021-04-25 00:16:39 - [MESSAGE][INFO] - HAR: C:\Users\Cindy S\git\testing-api-mobile\Reports\20210425_001624\TestSuitePositifScenario\20210425_001624\requests\main\2.har

2021-04-25 00:16:39 - [MESSAGE][PASSED] - Send request successfully

2021-04-25 00:16:39 - [TEST_STEP][PASSED] - verifyResponseStatusCode(response, 200): Verify response status code successfully

2021-04-25 00:16:39 - [MESSAGE][PASSED] - Verify response status code successfully

2021-04-25 00:16:39 - [TEST_STEP][PASSED] - verifyElementPropertyValue(response, "page", "2"): Verify element property value successfully

2021-04-25 00:16:40 - [MESSAGE][PASSED] - Verify element property value successfully

2021-04-25 00:16:40 - [TEST_STEP][PASSED] - verifyElementPropertyValue(response, "data[0].id", "7"): Verify element property value successfully

2021-04-25 00:16:40 - [MESSAGE][PASSED] - Verify element property value successfully

2021-04-25 00:16:40 - [TEST_STEP][PASSED] - verifyElementPropertyValue(response, "data[1].id", "8"): Verify element property value successfully

2021-04-25 00:16:40 - [MESSAGE][PASSED] - Verify element property value successfully

2021-04-25 00:16:40 - [TEST_STEP][PASSED] - verifyElementPropertyValue(response, "data[2].id", "9"): Verify element property value successfully

2021-04-25 00:16:40 - [MESSAGE][PASSED] - Verify element property value successfully

2021-04-25 00:16:40 - [TEST_STEP][PASSED] - verifyElementPropertyValue(response, "data[3].id", "10"): Verify element property value successfully

2021-04-25 00:16:40 - [MESSAGE][PASSED] - Verify element property value successfully

2021-04-25 00:16:40 - [TEST_STEP][PASSED] - verifyElementPropertyValue(response, "data[4].id", "11"): Verify element property value successfully

2021-04-25 00:16:40 - [MESSAGE][PASSED] - Verify element property value successfully

2021-04-25 00:16:40 - [TEST_STEP][PASSED] - verifyElementPropertyValue(response, "data[5].id", "12"): Verify element property value successfully

2021-04-25 00:16:40 - [MESSAGE][PASSED] - Verify element property value successfully]]></system-out>
         <system-err><![CDATA[]]></system-err>
      </testcase>
      <testcase name="Test Cases/TC07_UpdateUser" time="1.674" classname="Test Cases/TC07_UpdateUser" status="FAILED">
         <failure type="FAILED" message="Test Cases/TC07_UpdateUser FAILED.
Reason:
com.kms.katalon.core.exception.StepFailedException: Expected element property value 'Potter' is not equal with actual property value 'Poter'
	at com.kms.katalon.core.keyword.internal.KeywordMain.stepFailed(KeywordMain.groovy:50)
	at com.kms.katalon.core.webservice.keyword.builtin.VerifyElementPropertyValueKeyword$_verifyElementPropertyValue_closure1.doCall(VerifyElementPropertyValueKeyword.groovy:56)
	at com.kms.katalon.core.webservice.keyword.builtin.VerifyElementPropertyValueKeyword$_verifyElementPropertyValue_closure1.call(VerifyElementPropertyValueKeyword.groovy)
	at com.kms.katalon.core.keyword.internal.KeywordMain.runKeyword(KeywordMain.groovy:68)
	at com.kms.katalon.core.webservice.keyword.builtin.VerifyElementPropertyValueKeyword.verifyElementPropertyValue(VerifyElementPropertyValueKeyword.groovy:48)
	at com.kms.katalon.core.webservice.keyword.builtin.VerifyElementPropertyValueKeyword.execute(VerifyElementPropertyValueKeyword.groovy:43)
	at com.kms.katalon.core.keyword.internal.KeywordExecutor.executeKeywordForPlatform(KeywordExecutor.groovy:73)
	at com.kms.katalon.core.webservice.keyword.WSBuiltInKeywords.verifyElementPropertyValue(WSBuiltInKeywords.groovy:189)
	at com.kms.katalon.core.webservice.keyword.WSBuiltInKeywords$verifyElementPropertyValue$1.call(Unknown Source)
	at TC07_UpdateUser.run(TC07_UpdateUser:28)
	at com.kms.katalon.core.main.ScriptEngine.run(ScriptEngine.java:194)
	at com.kms.katalon.core.main.ScriptEngine.runScriptAsRawText(ScriptEngine.java:119)
	at com.kms.katalon.core.main.TestCaseExecutor.runScript(TestCaseExecutor.java:398)
	at com.kms.katalon.core.main.TestCaseExecutor.doExecute(TestCaseExecutor.java:389)
	at com.kms.katalon.core.main.TestCaseExecutor.processExecutionPhase(TestCaseExecutor.java:368)
	at com.kms.katalon.core.main.TestCaseExecutor.accessMainPhase(TestCaseExecutor.java:360)
	at com.kms.katalon.core.main.TestCaseExecutor.execute(TestCaseExecutor.java:255)
	at com.kms.katalon.core.main.TestSuiteExecutor.accessTestCaseMainPhase(TestSuiteExecutor.java:203)
	at com.kms.katalon.core.main.TestSuiteExecutor.accessTestSuiteMainPhase(TestSuiteExecutor.java:152)
	at com.kms.katalon.core.main.TestSuiteExecutor.execute(TestSuiteExecutor.java:95)
	at com.kms.katalon.core.main.TestCaseMain.startTestSuite(TestCaseMain.java:157)
	at com.kms.katalon.core.main.TestCaseMain$startTestSuite$0.call(Unknown Source)
	at TempTestSuite1619284584889.run(TempTestSuite1619284584889.groovy:39)
"/>
         <system-out><![CDATA[2021-04-25 00:16:40 - [TEST_CASE][FAILED] - Test Cases/TC07_UpdateUser: Test Cases/TC07_UpdateUser FAILED.
Reason:
com.kms.katalon.core.exception.StepFailedException: Expected element property value 'Potter' is not equal with actual property value 'Poter'
	at com.kms.katalon.core.keyword.internal.KeywordMain.stepFailed(KeywordMain.groovy:50)
	at com.kms.katalon.core.webservice.keyword.builtin.VerifyElementPropertyValueKeyword$_verifyElementPropertyValue_closure1.doCall(VerifyElementPropertyValueKeyword.groovy:56)
	at com.kms.katalon.core.webservice.keyword.builtin.VerifyElementPropertyValueKeyword$_verifyElementPropertyValue_closure1.call(VerifyElementPropertyValueKeyword.groovy)
	at com.kms.katalon.core.keyword.internal.KeywordMain.runKeyword(KeywordMain.groovy:68)
	at com.kms.katalon.core.webservice.keyword.builtin.VerifyElementPropertyValueKeyword.verifyElementPropertyValue(VerifyElementPropertyValueKeyword.groovy:48)
	at com.kms.katalon.core.webservice.keyword.builtin.VerifyElementPropertyValueKeyword.execute(VerifyElementPropertyValueKeyword.groovy:43)
	at com.kms.katalon.core.keyword.internal.KeywordExecutor.executeKeywordForPlatform(KeywordExecutor.groovy:73)
	at com.kms.katalon.core.webservice.keyword.WSBuiltInKeywords.verifyElementPropertyValue(WSBuiltInKeywords.groovy:189)
	at com.kms.katalon.core.webservice.keyword.WSBuiltInKeywords$verifyElementPropertyValue$1.call(Unknown Source)
	at TC07_UpdateUser.run(TC07_UpdateUser:28)
	at com.kms.katalon.core.main.ScriptEngine.run(ScriptEngine.java:194)
	at com.kms.katalon.core.main.ScriptEngine.runScriptAsRawText(ScriptEngine.java:119)
	at com.kms.katalon.core.main.TestCaseExecutor.runScript(TestCaseExecutor.java:398)
	at com.kms.katalon.core.main.TestCaseExecutor.doExecute(TestCaseExecutor.java:389)
	at com.kms.katalon.core.main.TestCaseExecutor.processExecutionPhase(TestCaseExecutor.java:368)
	at com.kms.katalon.core.main.TestCaseExecutor.accessMainPhase(TestCaseExecutor.java:360)
	at com.kms.katalon.core.main.TestCaseExecutor.execute(TestCaseExecutor.java:255)
	at com.kms.katalon.core.main.TestSuiteExecutor.accessTestCaseMainPhase(TestSuiteExecutor.java:203)
	at com.kms.katalon.core.main.TestSuiteExecutor.accessTestSuiteMainPhase(TestSuiteExecutor.java:152)
	at com.kms.katalon.core.main.TestSuiteExecutor.execute(TestSuiteExecutor.java:95)
	at com.kms.katalon.core.main.TestCaseMain.startTestSuite(TestCaseMain.java:157)
	at com.kms.katalon.core.main.TestCaseMain$startTestSuite$0.call(Unknown Source)
	at TempTestSuite1619284584889.run(TempTestSuite1619284584889.groovy:39)


2021-04-25 00:16:40 - [TEST_STEP][PASSED] - response = sendRequest(findTestObject("UpdateUser")): Send request successfully

2021-04-25 00:16:41 - [MESSAGE][INFO] - HAR: C:\Users\Cindy S\git\testing-api-mobile\Reports\20210425_001624\TestSuitePositifScenario\20210425_001624\requests\main\3.har

2021-04-25 00:16:41 - [MESSAGE][PASSED] - Send request successfully

2021-04-25 00:16:41 - [TEST_STEP][PASSED] - verifyResponseStatusCode(response, 200): Verify response status code successfully

2021-04-25 00:16:41 - [MESSAGE][PASSED] - Verify response status code successfully

2021-04-25 00:16:41 - [TEST_STEP][PASSED] - verifyElementPropertyValue(response, "email", "janet.potter@reqres.in"): Verify element property value successfully

2021-04-25 00:16:41 - [MESSAGE][PASSED] - Verify element property value successfully

2021-04-25 00:16:41 - [TEST_STEP][PASSED] - verifyElementPropertyValue(response, "first_name", "Janet"): Verify element property value successfully

2021-04-25 00:16:41 - [MESSAGE][PASSED] - Verify element property value successfully

2021-04-25 00:16:41 - [TEST_STEP][FAILED] - verifyElementPropertyValue(response, "last_name", "Potter"): Unable to verify element property value (Root cause: com.kms.katalon.core.exception.StepFailedException: Expected element property value 'Potter' is not equal with actual property value 'Poter'
	at com.kms.katalon.core.keyword.internal.KeywordMain.stepFailed(KeywordMain.groovy:50)
	at com.kms.katalon.core.webservice.keyword.builtin.VerifyElementPropertyValueKeyword$_verifyElementPropertyValue_closure1.doCall(VerifyElementPropertyValueKeyword.groovy:56)
	at com.kms.katalon.core.webservice.keyword.builtin.VerifyElementPropertyValueKeyword$_verifyElementPropertyValue_closure1.call(VerifyElementPropertyValueKeyword.groovy)
	at com.kms.katalon.core.keyword.internal.KeywordMain.runKeyword(KeywordMain.groovy:68)
	at com.kms.katalon.core.webservice.keyword.builtin.VerifyElementPropertyValueKeyword.verifyElementPropertyValue(VerifyElementPropertyValueKeyword.groovy:48)
	at com.kms.katalon.core.webservice.keyword.builtin.VerifyElementPropertyValueKeyword.execute(VerifyElementPropertyValueKeyword.groovy:43)
	at com.kms.katalon.core.keyword.internal.KeywordExecutor.executeKeywordForPlatform(KeywordExecutor.groovy:73)
	at com.kms.katalon.core.webservice.keyword.WSBuiltInKeywords.verifyElementPropertyValue(WSBuiltInKeywords.groovy:189)
	at com.kms.katalon.core.webservice.keyword.WSBuiltInKeywords$verifyElementPropertyValue$1.call(Unknown Source)
	at TC07_UpdateUser.run(TC07_UpdateUser:28)
	at com.kms.katalon.core.main.ScriptEngine.run(ScriptEngine.java:194)
	at com.kms.katalon.core.main.ScriptEngine.runScriptAsRawText(ScriptEngine.java:119)
	at com.kms.katalon.core.main.TestCaseExecutor.runScript(TestCaseExecutor.java:398)
	at com.kms.katalon.core.main.TestCaseExecutor.doExecute(TestCaseExecutor.java:389)
	at com.kms.katalon.core.main.TestCaseExecutor.processExecutionPhase(TestCaseExecutor.java:368)
	at com.kms.katalon.core.main.TestCaseExecutor.accessMainPhase(TestCaseExecutor.java:360)
	at com.kms.katalon.core.main.TestCaseExecutor.execute(TestCaseExecutor.java:255)
	at com.kms.katalon.core.main.TestSuiteExecutor.accessTestCaseMainPhase(TestSuiteExecutor.java:203)
	at com.kms.katalon.core.main.TestSuiteExecutor.accessTestSuiteMainPhase(TestSuiteExecutor.java:152)
	at com.kms.katalon.core.main.TestSuiteExecutor.execute(TestSuiteExecutor.java:95)
	at com.kms.katalon.core.main.TestCaseMain.startTestSuite(TestCaseMain.java:157)
	at com.kms.katalon.core.main.TestCaseMain$startTestSuite$0.call(Unknown Source)
	at TempTestSuite1619284584889.run(TempTestSuite1619284584889.groovy:39)
)

2021-04-25 00:16:41 - [MESSAGE][FAILED] - Expected element property value 'Potter' is not equal with actual property value 'Poter'

2021-04-25 00:16:41 - [MESSAGE][FAILED] - Unable to verify element property value (Root cause: com.kms.katalon.core.exception.StepFailedException: Expected element property value 'Potter' is not equal with actual property value 'Poter'
	at com.kms.katalon.core.keyword.internal.KeywordMain.stepFailed(KeywordMain.groovy:50)
	at com.kms.katalon.core.webservice.keyword.builtin.VerifyElementPropertyValueKeyword$_verifyElementPropertyValue_closure1.doCall(VerifyElementPropertyValueKeyword.groovy:56)
	at com.kms.katalon.core.webservice.keyword.builtin.VerifyElementPropertyValueKeyword$_verifyElementPropertyValue_closure1.call(VerifyElementPropertyValueKeyword.groovy)
	at com.kms.katalon.core.keyword.internal.KeywordMain.runKeyword(KeywordMain.groovy:68)
	at com.kms.katalon.core.webservice.keyword.builtin.VerifyElementPropertyValueKeyword.verifyElementPropertyValue(VerifyElementPropertyValueKeyword.groovy:48)
	at com.kms.katalon.core.webservice.keyword.builtin.VerifyElementPropertyValueKeyword.execute(VerifyElementPropertyValueKeyword.groovy:43)
	at com.kms.katalon.core.keyword.internal.KeywordExecutor.executeKeywordForPlatform(KeywordExecutor.groovy:73)
	at com.kms.katalon.core.webservice.keyword.WSBuiltInKeywords.verifyElementPropertyValue(WSBuiltInKeywords.groovy:189)
	at com.kms.katalon.core.webservice.keyword.WSBuiltInKeywords$verifyElementPropertyValue$1.call(Unknown Source)
	at TC07_UpdateUser.run(TC07_UpdateUser:28)
	at com.kms.katalon.core.main.ScriptEngine.run(ScriptEngine.java:194)
	at com.kms.katalon.core.main.ScriptEngine.runScriptAsRawText(ScriptEngine.java:119)
	at com.kms.katalon.core.main.TestCaseExecutor.runScript(TestCaseExecutor.java:398)
	at com.kms.katalon.core.main.TestCaseExecutor.doExecute(TestCaseExecutor.java:389)
	at com.kms.katalon.core.main.TestCaseExecutor.processExecutionPhase(TestCaseExecutor.java:368)
	at com.kms.katalon.core.main.TestCaseExecutor.accessMainPhase(TestCaseExecutor.java:360)
	at com.kms.katalon.core.main.TestCaseExecutor.execute(TestCaseExecutor.java:255)
	at com.kms.katalon.core.main.TestSuiteExecutor.accessTestCaseMainPhase(TestSuiteExecutor.java:203)
	at com.kms.katalon.core.main.TestSuiteExecutor.accessTestSuiteMainPhase(TestSuiteExecutor.java:152)
	at com.kms.katalon.core.main.TestSuiteExecutor.execute(TestSuiteExecutor.java:95)
	at com.kms.katalon.core.main.TestCaseMain.startTestSuite(TestCaseMain.java:157)
	at com.kms.katalon.core.main.TestCaseMain$startTestSuite$0.call(Unknown Source)
	at TempTestSuite1619284584889.run(TempTestSuite1619284584889.groovy:39)
)]]></system-out>
         <system-err><![CDATA[2021-04-25 00:16:40 - [TEST_CASE][FAILED] - Test Cases/TC07_UpdateUser: Test Cases/TC07_UpdateUser FAILED.
Reason:
com.kms.katalon.core.exception.StepFailedException: Expected element property value 'Potter' is not equal with actual property value 'Poter'
	at com.kms.katalon.core.keyword.internal.KeywordMain.stepFailed(KeywordMain.groovy:50)
	at com.kms.katalon.core.webservice.keyword.builtin.VerifyElementPropertyValueKeyword$_verifyElementPropertyValue_closure1.doCall(VerifyElementPropertyValueKeyword.groovy:56)
	at com.kms.katalon.core.webservice.keyword.builtin.VerifyElementPropertyValueKeyword$_verifyElementPropertyValue_closure1.call(VerifyElementPropertyValueKeyword.groovy)
	at com.kms.katalon.core.keyword.internal.KeywordMain.runKeyword(KeywordMain.groovy:68)
	at com.kms.katalon.core.webservice.keyword.builtin.VerifyElementPropertyValueKeyword.verifyElementPropertyValue(VerifyElementPropertyValueKeyword.groovy:48)
	at com.kms.katalon.core.webservice.keyword.builtin.VerifyElementPropertyValueKeyword.execute(VerifyElementPropertyValueKeyword.groovy:43)
	at com.kms.katalon.core.keyword.internal.KeywordExecutor.executeKeywordForPlatform(KeywordExecutor.groovy:73)
	at com.kms.katalon.core.webservice.keyword.WSBuiltInKeywords.verifyElementPropertyValue(WSBuiltInKeywords.groovy:189)
	at com.kms.katalon.core.webservice.keyword.WSBuiltInKeywords$verifyElementPropertyValue$1.call(Unknown Source)
	at TC07_UpdateUser.run(TC07_UpdateUser:28)
	at com.kms.katalon.core.main.ScriptEngine.run(ScriptEngine.java:194)
	at com.kms.katalon.core.main.ScriptEngine.runScriptAsRawText(ScriptEngine.java:119)
	at com.kms.katalon.core.main.TestCaseExecutor.runScript(TestCaseExecutor.java:398)
	at com.kms.katalon.core.main.TestCaseExecutor.doExecute(TestCaseExecutor.java:389)
	at com.kms.katalon.core.main.TestCaseExecutor.processExecutionPhase(TestCaseExecutor.java:368)
	at com.kms.katalon.core.main.TestCaseExecutor.accessMainPhase(TestCaseExecutor.java:360)
	at com.kms.katalon.core.main.TestCaseExecutor.execute(TestCaseExecutor.java:255)
	at com.kms.katalon.core.main.TestSuiteExecutor.accessTestCaseMainPhase(TestSuiteExecutor.java:203)
	at com.kms.katalon.core.main.TestSuiteExecutor.accessTestSuiteMainPhase(TestSuiteExecutor.java:152)
	at com.kms.katalon.core.main.TestSuiteExecutor.execute(TestSuiteExecutor.java:95)
	at com.kms.katalon.core.main.TestCaseMain.startTestSuite(TestCaseMain.java:157)
	at com.kms.katalon.core.main.TestCaseMain$startTestSuite$0.call(Unknown Source)
	at TempTestSuite1619284584889.run(TempTestSuite1619284584889.groovy:39)]]></system-err>
      </testcase>
      <testcase name="Test Cases/TC08_ViewDetailSingleUser" time="1.687" classname="Test Cases/TC08_ViewDetailSingleUser" status="PASSED">
         <system-out><![CDATA[2021-04-25 00:16:41 - [TEST_CASE][PASSED] - Test Cases/TC08_ViewDetailSingleUser: Test Cases/TC08_ViewDetailSingleUser

2021-04-25 00:16:42 - [TEST_STEP][PASSED] - response = sendRequest(findTestObject("ViewDetailSingleUser")): Send request successfully

2021-04-25 00:16:43 - [MESSAGE][INFO] - HAR: C:\Users\Cindy S\git\testing-api-mobile\Reports\20210425_001624\TestSuitePositifScenario\20210425_001624\requests\main\4.har

2021-04-25 00:16:43 - [MESSAGE][PASSED] - Send request successfully

2021-04-25 00:16:43 - [TEST_STEP][PASSED] - verifyResponseStatusCode(response, 200): Verify response status code successfully

2021-04-25 00:16:43 - [MESSAGE][PASSED] - Verify response status code successfully

2021-04-25 00:16:43 - [TEST_STEP][PASSED] - verifyElementPropertyValue(response, "data.id", "2"): Verify element property value successfully

2021-04-25 00:16:43 - [MESSAGE][PASSED] - Verify element property value successfully

2021-04-25 00:16:43 - [TEST_STEP][PASSED] - verifyElementPropertyValue(response, "data.email", "janet.weaver@reqres.in"): Verify element property value successfully

2021-04-25 00:16:43 - [MESSAGE][PASSED] - Verify element property value successfully

2021-04-25 00:16:43 - [TEST_STEP][PASSED] - verifyElementPropertyValue(response, "data.first_name", "Janet"): Verify element property value successfully

2021-04-25 00:16:43 - [MESSAGE][PASSED] - Verify element property value successfully

2021-04-25 00:16:43 - [TEST_STEP][PASSED] - verifyElementPropertyValue(response, "data.last_name", "Weaver"): Verify element property value successfully

2021-04-25 00:16:43 - [MESSAGE][PASSED] - Verify element property value successfully

2021-04-25 00:16:43 - [TEST_STEP][PASSED] - verifyElementPropertyValue(response, "data.avatar", "https://reqres.in/img/faces/2-image.jpg"): Verify element property value successfully

2021-04-25 00:16:43 - [MESSAGE][PASSED] - Verify element property value successfully]]></system-out>
         <system-err><![CDATA[]]></system-err>
      </testcase>
      <system-out><![CDATA[2021-04-25 00:16:32 - [TEST_SUITE][ERROR] - TestSuitePositifScenario: Test Cases/TC01_CreateANewUser FAILED.
Reason:
groovy.lang.MissingPropertyException: No such property: response for class: Script1619281466933
	at TC01_CreateANewUser.run(TC01_CreateANewUser:22)
	at com.kms.katalon.core.main.ScriptEngine.run(ScriptEngine.java:194)
	at com.kms.katalon.core.main.ScriptEngine.runScriptAsRawText(ScriptEngine.java:119)
	at com.kms.katalon.core.main.TestCaseExecutor.runScript(TestCaseExecutor.java:398)
	at com.kms.katalon.core.main.TestCaseExecutor.doExecute(TestCaseExecutor.java:389)
	at com.kms.katalon.core.main.TestCaseExecutor.processExecutionPhase(TestCaseExecutor.java:368)
	at com.kms.katalon.core.main.TestCaseExecutor.accessMainPhase(TestCaseExecutor.java:360)
	at com.kms.katalon.core.main.TestCaseExecutor.execute(TestCaseExecutor.java:255)
	at com.kms.katalon.core.main.TestSuiteExecutor.accessTestCaseMainPhase(TestSuiteExecutor.java:203)
	at com.kms.katalon.core.main.TestSuiteExecutor.accessTestSuiteMainPhase(TestSuiteExecutor.java:152)
	at com.kms.katalon.core.main.TestSuiteExecutor.execute(TestSuiteExecutor.java:95)
	at com.kms.katalon.core.main.TestCaseMain.startTestSuite(TestCaseMain.java:157)
	at com.kms.katalon.core.main.TestCaseMain$startTestSuite$0.call(Unknown Source)
	at TempTestSuite1619284584889.run(TempTestSuite1619284584889.groovy:39)]]></system-out>
      <system-err><![CDATA[2021-04-25 00:16:32 - [TEST_SUITE][ERROR] - TestSuitePositifScenario: Test Cases/TC01_CreateANewUser FAILED.
Reason:
groovy.lang.MissingPropertyException: No such property: response for class: Script1619281466933
	at TC01_CreateANewUser.run(TC01_CreateANewUser:22)
	at com.kms.katalon.core.main.ScriptEngine.run(ScriptEngine.java:194)
	at com.kms.katalon.core.main.ScriptEngine.runScriptAsRawText(ScriptEngine.java:119)
	at com.kms.katalon.core.main.TestCaseExecutor.runScript(TestCaseExecutor.java:398)
	at com.kms.katalon.core.main.TestCaseExecutor.doExecute(TestCaseExecutor.java:389)
	at com.kms.katalon.core.main.TestCaseExecutor.processExecutionPhase(TestCaseExecutor.java:368)
	at com.kms.katalon.core.main.TestCaseExecutor.accessMainPhase(TestCaseExecutor.java:360)
	at com.kms.katalon.core.main.TestCaseExecutor.execute(TestCaseExecutor.java:255)
	at com.kms.katalon.core.main.TestSuiteExecutor.accessTestCaseMainPhase(TestSuiteExecutor.java:203)
	at com.kms.katalon.core.main.TestSuiteExecutor.accessTestSuiteMainPhase(TestSuiteExecutor.java:152)
	at com.kms.katalon.core.main.TestSuiteExecutor.execute(TestSuiteExecutor.java:95)
	at com.kms.katalon.core.main.TestCaseMain.startTestSuite(TestCaseMain.java:157)
	at com.kms.katalon.core.main.TestCaseMain$startTestSuite$0.call(Unknown Source)
	at TempTestSuite1619284584889.run(TempTestSuite1619284584889.groovy:39)]]></system-err>
   </testsuite>
</testsuites>
