<?xml version="1.0" encoding="UTF-8"?>
<testsuites name="TestSuiteNegatifScenario" time="13.904" tests="3" failures="0" skips="0" errors="1">
   <testsuite name="TestSuiteNegatifScenario" tests="3" failures="0" errors="1" time="13.904" skips="0" timestamp="2021-04-25 00:14:54" hostname="Cindy S - 192.168.56.1" id="Test Suites/TestSuiteNegatifScenario">
      <properties>
         <property name="deviceName" value=""/>
         <property name="devicePlatform" value=""/>
         <property name="logFolder" value="C:\\Users\\Cindy S\\git\\testing-api-mobile\\Reports\\20210425_001443\\TestSuiteNegatifScenario\\20210425_001443"/>
         <property name="logFiles" value="C:\\Users\\Cindy S\\git\\testing-api-mobile\\Reports\\20210425_001443\\TestSuiteNegatifScenario\\20210425_001443\\execution0.log"/>
         <property name="attachments" value=""/>
         <property name="hostName" value="Cindy S - 192.168.56.1"/>
         <property name="hostAddress" value="192.168.56.1"/>
         <property name="os" value="Windows 10 64bit"/>
         <property name="katalonVersion" value="7.9.1.208"/>
      </properties>
      <testcase name="Test Cases/TC02_CreateNewUserNegatifScenario1" time="5.499" classname="Test Cases/TC02_CreateNewUserNegatifScenario1" status="ERROR">
         <error type="ERROR" message="Test Cases/TC02_CreateNewUserNegatifScenario1 FAILED.
Reason:
groovy.lang.MissingMethodException: No signature of method: static com.kms.katalon.core.webservice.keyword.WSBuiltInKeywords.verifyElementPropertyValue() is applicable for argument types: (java.lang.String, java.lang.String, java.lang.String) values: [, first_name, Jhon 12345]
Possible solutions: verifyElementPropertyValue(com.kms.katalon.core.testobject.ResponseObject, java.lang.String, java.lang.Object), verifyElementPropertyValue(com.kms.katalon.core.testobject.ResponseObject, java.lang.String, java.lang.Object, com.kms.katalon.core.model.FailureHandling)
	at TC02_CreateNewUserNegatifScenario1.run(TC02_CreateNewUserNegatifScenario1:26)
	at com.kms.katalon.core.main.ScriptEngine.run(ScriptEngine.java:194)
	at com.kms.katalon.core.main.ScriptEngine.runScriptAsRawText(ScriptEngine.java:119)
	at com.kms.katalon.core.main.TestCaseExecutor.runScript(TestCaseExecutor.java:398)
	at com.kms.katalon.core.main.TestCaseExecutor.doExecute(TestCaseExecutor.java:389)
	at com.kms.katalon.core.main.TestCaseExecutor.processExecutionPhase(TestCaseExecutor.java:368)
	at com.kms.katalon.core.main.TestCaseExecutor.accessMainPhase(TestCaseExecutor.java:360)
	at com.kms.katalon.core.main.TestCaseExecutor.execute(TestCaseExecutor.java:255)
	at com.kms.katalon.core.main.TestSuiteExecutor.accessTestCaseMainPhase(TestSuiteExecutor.java:203)
	at com.kms.katalon.core.main.TestSuiteExecutor.accessTestSuiteMainPhase(TestSuiteExecutor.java:152)
	at com.kms.katalon.core.main.TestSuiteExecutor.execute(TestSuiteExecutor.java:95)
	at com.kms.katalon.core.main.TestCaseMain.startTestSuite(TestCaseMain.java:157)
	at com.kms.katalon.core.main.TestCaseMain$startTestSuite$0.call(Unknown Source)
	at TempTestSuite1619284483334.run(TempTestSuite1619284483334.groovy:39)
"/>
         <system-out><![CDATA[2021-04-25 00:14:56 - [TEST_CASE][ERROR] - Test Cases/TC02_CreateNewUserNegatifScenario1: Test Cases/TC02_CreateNewUserNegatifScenario1 FAILED.
Reason:
groovy.lang.MissingMethodException: No signature of method: static com.kms.katalon.core.webservice.keyword.WSBuiltInKeywords.verifyElementPropertyValue() is applicable for argument types: (java.lang.String, java.lang.String, java.lang.String) values: [, first_name, Jhon 12345]
Possible solutions: verifyElementPropertyValue(com.kms.katalon.core.testobject.ResponseObject, java.lang.String, java.lang.Object), verifyElementPropertyValue(com.kms.katalon.core.testobject.ResponseObject, java.lang.String, java.lang.Object, com.kms.katalon.core.model.FailureHandling)
	at TC02_CreateNewUserNegatifScenario1.run(TC02_CreateNewUserNegatifScenario1:26)
	at com.kms.katalon.core.main.ScriptEngine.run(ScriptEngine.java:194)
	at com.kms.katalon.core.main.ScriptEngine.runScriptAsRawText(ScriptEngine.java:119)
	at com.kms.katalon.core.main.TestCaseExecutor.runScript(TestCaseExecutor.java:398)
	at com.kms.katalon.core.main.TestCaseExecutor.doExecute(TestCaseExecutor.java:389)
	at com.kms.katalon.core.main.TestCaseExecutor.processExecutionPhase(TestCaseExecutor.java:368)
	at com.kms.katalon.core.main.TestCaseExecutor.accessMainPhase(TestCaseExecutor.java:360)
	at com.kms.katalon.core.main.TestCaseExecutor.execute(TestCaseExecutor.java:255)
	at com.kms.katalon.core.main.TestSuiteExecutor.accessTestCaseMainPhase(TestSuiteExecutor.java:203)
	at com.kms.katalon.core.main.TestSuiteExecutor.accessTestSuiteMainPhase(TestSuiteExecutor.java:152)
	at com.kms.katalon.core.main.TestSuiteExecutor.execute(TestSuiteExecutor.java:95)
	at com.kms.katalon.core.main.TestCaseMain.startTestSuite(TestCaseMain.java:157)
	at com.kms.katalon.core.main.TestCaseMain$startTestSuite$0.call(Unknown Source)
	at TempTestSuite1619284483334.run(TempTestSuite1619284483334.groovy:39)


2021-04-25 00:14:57 - [TEST_STEP][PASSED] - response = sendRequest(findTestObject("CreateNewUserNegatifScenario1")): Send request successfully

2021-04-25 00:15:01 - [MESSAGE][INFO] - HAR: C:\Users\Cindy S\git\testing-api-mobile\Reports\20210425_001443\TestSuiteNegatifScenario\20210425_001443\requests\main\0.har

2021-04-25 00:15:01 - [MESSAGE][PASSED] - Send request successfully

2021-04-25 00:15:01 - [TEST_STEP][PASSED] - verifyResponseStatusCode(response, 201): Verify response status code successfully

2021-04-25 00:15:01 - [MESSAGE][PASSED] - Verify response status code successfully

2021-04-25 00:15:01 - [TEST_STEP][PASSED] - verifyElementPropertyValue(response, "email", "jhon.lenon@reqres.in"): Verify element property value successfully

2021-04-25 00:15:02 - [MESSAGE][PASSED] - Verify element property value successfully

2021-04-25 00:15:02 - [TEST_STEP][PASSED] - verifyElementPropertyValue("", "first_name", "Jhon 12345"): null]]></system-out>
         <system-err><![CDATA[2021-04-25 00:14:56 - [TEST_CASE][ERROR] - Test Cases/TC02_CreateNewUserNegatifScenario1: Test Cases/TC02_CreateNewUserNegatifScenario1 FAILED.
Reason:
groovy.lang.MissingMethodException: No signature of method: static com.kms.katalon.core.webservice.keyword.WSBuiltInKeywords.verifyElementPropertyValue() is applicable for argument types: (java.lang.String, java.lang.String, java.lang.String) values: [, first_name, Jhon 12345]
Possible solutions: verifyElementPropertyValue(com.kms.katalon.core.testobject.ResponseObject, java.lang.String, java.lang.Object), verifyElementPropertyValue(com.kms.katalon.core.testobject.ResponseObject, java.lang.String, java.lang.Object, com.kms.katalon.core.model.FailureHandling)
	at TC02_CreateNewUserNegatifScenario1.run(TC02_CreateNewUserNegatifScenario1:26)
	at com.kms.katalon.core.main.ScriptEngine.run(ScriptEngine.java:194)
	at com.kms.katalon.core.main.ScriptEngine.runScriptAsRawText(ScriptEngine.java:119)
	at com.kms.katalon.core.main.TestCaseExecutor.runScript(TestCaseExecutor.java:398)
	at com.kms.katalon.core.main.TestCaseExecutor.doExecute(TestCaseExecutor.java:389)
	at com.kms.katalon.core.main.TestCaseExecutor.processExecutionPhase(TestCaseExecutor.java:368)
	at com.kms.katalon.core.main.TestCaseExecutor.accessMainPhase(TestCaseExecutor.java:360)
	at com.kms.katalon.core.main.TestCaseExecutor.execute(TestCaseExecutor.java:255)
	at com.kms.katalon.core.main.TestSuiteExecutor.accessTestCaseMainPhase(TestSuiteExecutor.java:203)
	at com.kms.katalon.core.main.TestSuiteExecutor.accessTestSuiteMainPhase(TestSuiteExecutor.java:152)
	at com.kms.katalon.core.main.TestSuiteExecutor.execute(TestSuiteExecutor.java:95)
	at com.kms.katalon.core.main.TestCaseMain.startTestSuite(TestCaseMain.java:157)
	at com.kms.katalon.core.main.TestCaseMain$startTestSuite$0.call(Unknown Source)
	at TempTestSuite1619284483334.run(TempTestSuite1619284483334.groovy:39)]]></system-err>
      </testcase>
      <testcase name="Test Cases/TC03_CreateANewUserNegatifScenario2" time="2.093" classname="Test Cases/TC03_CreateANewUserNegatifScenario2" status="PASSED">
         <system-out><![CDATA[2021-04-25 00:15:02 - [TEST_CASE][PASSED] - Test Cases/TC03_CreateANewUserNegatifScenario2: Test Cases/TC03_CreateANewUserNegatifScenario2

2021-04-25 00:15:02 - [TEST_STEP][PASSED] - response = sendRequest(findTestObject("CreateNewUserNegatifScenario2")): Send request successfully

2021-04-25 00:15:04 - [MESSAGE][INFO] - HAR: C:\Users\Cindy S\git\testing-api-mobile\Reports\20210425_001443\TestSuiteNegatifScenario\20210425_001443\requests\main\1.har

2021-04-25 00:15:04 - [MESSAGE][PASSED] - Send request successfully

2021-04-25 00:15:04 - [TEST_STEP][PASSED] - verifyResponseStatusCode(response, 201): Verify response status code successfully

2021-04-25 00:15:04 - [MESSAGE][PASSED] - Verify response status code successfully

2021-04-25 00:15:04 - [TEST_STEP][PASSED] - verifyElementPropertyValue(response, "first_name", "Paul"): Verify element property value successfully

2021-04-25 00:15:04 - [MESSAGE][PASSED] - Verify element property value successfully

2021-04-25 00:15:04 - [TEST_STEP][PASSED] - verifyElementPropertyValue(response, "last_name", "Mccartney"): Verify element property value successfully

2021-04-25 00:15:04 - [MESSAGE][PASSED] - Verify element property value successfully

2021-04-25 00:15:04 - [TEST_STEP][PASSED] - verifyElementPropertyValue(response, "avatar", "https://reqres.in/img/faces/2-image.jpg"): Verify element property value successfully

2021-04-25 00:15:04 - [MESSAGE][PASSED] - Verify element property value successfully]]></system-out>
         <system-err><![CDATA[]]></system-err>
      </testcase>
      <testcase name="Test Cases/TC04_CreateANewUserNegatifScenario3" time="2.581" classname="Test Cases/TC04_CreateANewUserNegatifScenario3" status="PASSED">
         <system-out><![CDATA[2021-04-25 00:15:04 - [TEST_CASE][PASSED] - Test Cases/TC04_CreateANewUserNegatifScenario3: Test Cases/TC04_CreateANewUserNegatifScenario3

2021-04-25 00:15:04 - [TEST_STEP][PASSED] - response = sendRequest(findTestObject("CreateNewUserNegatifScenario3")): Send request successfully

2021-04-25 00:15:06 - [MESSAGE][INFO] - HAR: C:\Users\Cindy S\git\testing-api-mobile\Reports\20210425_001443\TestSuiteNegatifScenario\20210425_001443\requests\main\2.har

2021-04-25 00:15:06 - [MESSAGE][PASSED] - Send request successfully

2021-04-25 00:15:06 - [TEST_STEP][PASSED] - verifyResponseStatusCode(response, 201): Verify response status code successfully

2021-04-25 00:15:06 - [MESSAGE][PASSED] - Verify response status code successfully

2021-04-25 00:15:06 - [TEST_STEP][PASSED] - verifyElementPropertyValue(response, "email", "ringostar.com"): Verify element property value successfully

2021-04-25 00:15:06 - [MESSAGE][PASSED] - Verify element property value successfully

2021-04-25 00:15:06 - [TEST_STEP][PASSED] - verifyElementPropertyValue(response, "first_name", "Ringooooooooooooooooooooooooooooooooooooooooooooooooo"): Verify element property value successfully

2021-04-25 00:15:06 - [MESSAGE][PASSED] - Verify element property value successfully

2021-04-25 00:15:06 - [TEST_STEP][PASSED] - verifyElementPropertyValue(response, "last_name", "Star{}"): Verify element property value successfully

2021-04-25 00:15:06 - [MESSAGE][PASSED] - Verify element property value successfully

2021-04-25 00:15:06 - [TEST_STEP][PASSED] - verifyElementPropertyValue(response, "avatar", "avatar ringo"): Verify element property value successfully

2021-04-25 00:15:06 - [MESSAGE][PASSED] - Verify element property value successfully]]></system-out>
         <system-err><![CDATA[]]></system-err>
      </testcase>
      <system-out><![CDATA[2021-04-25 00:14:54 - [TEST_SUITE][ERROR] - TestSuiteNegatifScenario: Test Cases/TC02_CreateNewUserNegatifScenario1 FAILED.
Reason:
groovy.lang.MissingMethodException: No signature of method: static com.kms.katalon.core.webservice.keyword.WSBuiltInKeywords.verifyElementPropertyValue() is applicable for argument types: (java.lang.String, java.lang.String, java.lang.String) values: [, first_name, Jhon 12345]
Possible solutions: verifyElementPropertyValue(com.kms.katalon.core.testobject.ResponseObject, java.lang.String, java.lang.Object), verifyElementPropertyValue(com.kms.katalon.core.testobject.ResponseObject, java.lang.String, java.lang.Object, com.kms.katalon.core.model.FailureHandling)
	at TC02_CreateNewUserNegatifScenario1.run(TC02_CreateNewUserNegatifScenario1:26)
	at com.kms.katalon.core.main.ScriptEngine.run(ScriptEngine.java:194)
	at com.kms.katalon.core.main.ScriptEngine.runScriptAsRawText(ScriptEngine.java:119)
	at com.kms.katalon.core.main.TestCaseExecutor.runScript(TestCaseExecutor.java:398)
	at com.kms.katalon.core.main.TestCaseExecutor.doExecute(TestCaseExecutor.java:389)
	at com.kms.katalon.core.main.TestCaseExecutor.processExecutionPhase(TestCaseExecutor.java:368)
	at com.kms.katalon.core.main.TestCaseExecutor.accessMainPhase(TestCaseExecutor.java:360)
	at com.kms.katalon.core.main.TestCaseExecutor.execute(TestCaseExecutor.java:255)
	at com.kms.katalon.core.main.TestSuiteExecutor.accessTestCaseMainPhase(TestSuiteExecutor.java:203)
	at com.kms.katalon.core.main.TestSuiteExecutor.accessTestSuiteMainPhase(TestSuiteExecutor.java:152)
	at com.kms.katalon.core.main.TestSuiteExecutor.execute(TestSuiteExecutor.java:95)
	at com.kms.katalon.core.main.TestCaseMain.startTestSuite(TestCaseMain.java:157)
	at com.kms.katalon.core.main.TestCaseMain$startTestSuite$0.call(Unknown Source)
	at TempTestSuite1619284483334.run(TempTestSuite1619284483334.groovy:39)]]></system-out>
      <system-err><![CDATA[2021-04-25 00:14:54 - [TEST_SUITE][ERROR] - TestSuiteNegatifScenario: Test Cases/TC02_CreateNewUserNegatifScenario1 FAILED.
Reason:
groovy.lang.MissingMethodException: No signature of method: static com.kms.katalon.core.webservice.keyword.WSBuiltInKeywords.verifyElementPropertyValue() is applicable for argument types: (java.lang.String, java.lang.String, java.lang.String) values: [, first_name, Jhon 12345]
Possible solutions: verifyElementPropertyValue(com.kms.katalon.core.testobject.ResponseObject, java.lang.String, java.lang.Object), verifyElementPropertyValue(com.kms.katalon.core.testobject.ResponseObject, java.lang.String, java.lang.Object, com.kms.katalon.core.model.FailureHandling)
	at TC02_CreateNewUserNegatifScenario1.run(TC02_CreateNewUserNegatifScenario1:26)
	at com.kms.katalon.core.main.ScriptEngine.run(ScriptEngine.java:194)
	at com.kms.katalon.core.main.ScriptEngine.runScriptAsRawText(ScriptEngine.java:119)
	at com.kms.katalon.core.main.TestCaseExecutor.runScript(TestCaseExecutor.java:398)
	at com.kms.katalon.core.main.TestCaseExecutor.doExecute(TestCaseExecutor.java:389)
	at com.kms.katalon.core.main.TestCaseExecutor.processExecutionPhase(TestCaseExecutor.java:368)
	at com.kms.katalon.core.main.TestCaseExecutor.accessMainPhase(TestCaseExecutor.java:360)
	at com.kms.katalon.core.main.TestCaseExecutor.execute(TestCaseExecutor.java:255)
	at com.kms.katalon.core.main.TestSuiteExecutor.accessTestCaseMainPhase(TestSuiteExecutor.java:203)
	at com.kms.katalon.core.main.TestSuiteExecutor.accessTestSuiteMainPhase(TestSuiteExecutor.java:152)
	at com.kms.katalon.core.main.TestSuiteExecutor.execute(TestSuiteExecutor.java:95)
	at com.kms.katalon.core.main.TestCaseMain.startTestSuite(TestCaseMain.java:157)
	at com.kms.katalon.core.main.TestCaseMain$startTestSuite$0.call(Unknown Source)
	at TempTestSuite1619284483334.run(TempTestSuite1619284483334.groovy:39)]]></system-err>
   </testsuite>
</testsuites>
